<?xml version="1.0"?>
<!DOCTYPE coverage SYSTEM "http://cobertura.sourceforge.net/xml/coverage-04.dtd">

<coverage line-rate="0.5862068965517241" branch-rate="0.0" lines-covered="17" lines-valid="29" branches-covered="0" branches-valid="2" complexity="1.2" version="2.1.1" timestamp="1519062552017">
	<sources>
		<source>--source</source>
		<source>/home/lev/Development/LevSeverianin/utils/src/main/java</source>
		<source>/home/lev/Development/LevSeverianin/utils/target/generated-sources/annotations</source>
	</sources>
	<packages>
		<package name="com.epam.brest.cource" line-rate="0.5862068965517241" branch-rate="0.0" complexity="1.2">
			<classes>
				<class name="com.epam.brest.cource.DBUtils" filename="com/epam/brest/cource/DBUtils.java" line-rate="0.5862068965517241" branch-rate="0.0" complexity="1.2">
					<methods>
						<method name="&lt;init&gt;" signature="()V" line-rate="1.0" branch-rate="1.0" complexity="0">
							<lines>
								<line number="5" hits="4" branch="false"/>
							</lines>
						</method>
						<method name="addUser" signature="(Ljava/sql/Connection;Ljava/lang/String;Ljava/lang/String;Ljava/lang/String;)I" line-rate="1.0" branch-rate="1.0" complexity="0">
							<lines>
								<line number="35" hits="2" branch="false"/>
								<line number="37" hits="2" branch="false"/>
								<line number="39" hits="2" branch="false"/>
								<line number="40" hits="2" branch="false"/>
								<line number="41" hits="2" branch="false"/>
								<line number="42" hits="2" branch="false"/>
								<line number="43" hits="2" branch="false"/>
							</lines>
						</method>
						<method name="createUserTable" signature="(Ljava/sql/Connection;)I" line-rate="1.0" branch-rate="1.0" complexity="0">
							<lines>
								<line number="20" hits="2" branch="false"/>
								<line number="21" hits="2" branch="false"/>
								<line number="29" hits="2" branch="false"/>
								<line number="30" hits="2" branch="false"/>
							</lines>
						</method>
						<method name="deleteUser" signature="(Ljava/sql/Connection;Ljava/lang/String;)I" line-rate="0.0" branch-rate="1.0" complexity="0">
							<lines>
								<line number="63" hits="0" branch="false"/>
								<line number="65" hits="0" branch="false"/>
								<line number="67" hits="0" branch="false"/>
								<line number="68" hits="0" branch="false"/>
								<line number="69" hits="0" branch="false"/>
							</lines>
						</method>
						<method name="getConnection" signature="()Ljava/sql/Connection;" line-rate="1.0" branch-rate="1.0" complexity="0">
							<lines>
								<line number="9" hits="4" branch="false"/>
								<line number="10" hits="4" branch="false"/>
								<line number="11" hits="4" branch="false"/>
								<line number="12" hits="4" branch="false"/>
								<line number="15" hits="4" branch="false"/>
							</lines>
						</method>
						<method name="getUsers" signature="(Ljava/sql/Connection;)V" line-rate="0.0" branch-rate="0.0" complexity="0">
							<lines>
								<line number="48" hits="0" branch="false"/>
								<line number="50" hits="0" branch="false"/>
								<line number="52" hits="0" branch="false"/>
								<line number="53" hits="0" branch="false"/>
								<line number="55" hits="0" branch="true" condition-coverage="0% (0/2)">
									<conditions>
										<condition number="0" type="jump" coverage="0%"/>
									</conditions>
								</line>
								<line number="56" hits="0" branch="false"/>
								<line number="59" hits="0" branch="false"/>
							</lines>
						</method>
					</methods>
					<lines>
						<line number="5" hits="4" branch="false"/>
						<line number="9" hits="4" branch="false"/>
						<line number="10" hits="4" branch="false"/>
						<line number="11" hits="4" branch="false"/>
						<line number="12" hits="4" branch="false"/>
						<line number="15" hits="4" branch="false"/>
						<line number="20" hits="2" branch="false"/>
						<line number="21" hits="2" branch="false"/>
						<line number="29" hits="2" branch="false"/>
						<line number="30" hits="2" branch="false"/>
						<line number="35" hits="2" branch="false"/>
						<line number="37" hits="2" branch="false"/>
						<line number="39" hits="2" branch="false"/>
						<line number="40" hits="2" branch="false"/>
						<line number="41" hits="2" branch="false"/>
						<line number="42" hits="2" branch="false"/>
						<line number="43" hits="2" branch="false"/>
						<line number="48" hits="0" branch="false"/>
						<line number="50" hits="0" branch="false"/>
						<line number="52" hits="0" branch="false"/>
						<line number="53" hits="0" branch="false"/>
						<line number="55" hits="0" branch="true" condition-coverage="0% (0/2)">
							<conditions>
								<condition number="0" type="jump" coverage="0%"/>
							</conditions>
						</line>
						<line number="56" hits="0" branch="false"/>
						<line number="59" hits="0" branch="false"/>
						<line number="63" hits="0" branch="false"/>
						<line number="65" hits="0" branch="false"/>
						<line number="67" hits="0" branch="false"/>
						<line number="68" hits="0" branch="false"/>
						<line number="69" hits="0" branch="false"/>
					</lines>
				</class>
			</classes>
		</package>
	</packages>
</coverage>
